<?xml version="1.0" encoding="UTF-8"?>
<!-- Generated by org.testng.reporters.JUnitReportReporter -->
<testsuite hostname="LTIN307779" failures="0" tests="1" name="testRunners.RunTest" time="21.940" errors="0" timestamp="2024-10-22T00:09:36 IST" skipped="0">
  <testcase classname="testRunners.RunTest" name="runScenario" time="21.940"/>
</testsuite> <!-- testRunners.RunTest -->
