<?xml version="1.0" encoding="UTF-8"?>
<!-- Generated by org.testng.reporters.JUnitReportReporter -->
<testsuite hostname="LTIN307779" failures="0" tests="1" name="testRunners.RunTest" time="33.281" errors="0" timestamp="2024-10-25T15:03:38 IST" skipped="0">
  <testcase classname="testRunners.RunTest" name="runScenario" time="33.281"/>
</testsuite> <!-- testRunners.RunTest -->
